TN:
SF:script/DeployMiniPrimes.s.sol
FN:9,DeployMiniPrimesScript.setUp
FNDA:0,DeployMiniPrimesScript.setUp
FN:11,DeployMiniPrimesScript.run
FNDA:0,DeployMiniPrimesScript.run
DA:12,0
DA:12,0
DA:12,0
DA:13,0
DA:13,0
DA:13,0
DA:15,0
DA:15,0
DA:17,0
DA:17,0
DA:19,0
DA:19,0
DA:19,0
DA:22,0
DA:22,0
DA:24,0
DA:24,0
FNF:2
FNH:0
LF:7
LH:0
BRF:0
BRH:0
end_of_record
TN:
SF:src/MiniPrimes.sol
FN:25,MiniPrimes.withdrawETH
FNDA:2,MiniPrimes.withdrawETH
DA:26,1
DA:26,1
DA:27,1
DA:27,1
DA:27,1
DA:28,1
DA:28,1
BRDA:28,0,0,-
BRDA:28,0,1,1
DA:28,0
FN:31,MiniPrimes.buy
FNDA:9,MiniPrimes.buy
DA:33,9
DA:33,9
DA:33,9
DA:33,9
BRDA:33,1,0,1
BRDA:33,1,1,8
DA:33,1
DA:36,8
DA:36,8
BRDA:36,2,0,1
BRDA:36,2,1,7
DA:36,1
DA:39,7
DA:39,7
DA:41,7
DA:41,7
FN:44,MiniPrimes.dispute
FNDA:5,MiniPrimes.dispute
DA:46,5
DA:46,5
DA:46,5
DA:46,4
BRDA:46,3,0,2
BRDA:46,3,1,3
DA:46,2
DA:49,3
DA:49,3
DA:49,3
BRDA:49,4,0,1
BRDA:49,4,1,2
DA:49,1
DA:51,2
DA:51,2
DA:51,2
DA:54,2
DA:54,2
DA:56,2
DA:56,2
FNF:3
FNH:3
LF:12
LH:12
BRF:10
BRH:9
end_of_record
